Base path: 'C:/Program Files/Unity/Hub/Editor/2019.3.13f1/Editor/Data', plugins path 'C:/Program Files/Unity/Hub/Editor/2019.3.13f1/Editor/Data/PlaybackEngines'
Cmd: initializeCompiler
Cmd: compileSnippet
  api=4 type=0 insize=2364 outsize=1762 kw=_EMISSION _MAIN_LIGHT_SHADOWS _MAIN_LIGHT_SHADOWS_CASCADE _SHADOWS_SOFT pd=UNITY_ENABLE_REFLECTION_BUFFERS UNITY_USE_DITHER_MASK_FOR_ALPHABLENDED_SHADOWS UNITY_PBS_USE_BRDF1 UNITY_SPECCUBE_BOX_PROJECTION UNITY_SPECCUBE_BLENDING UNITY_ENABLE_DETAIL_NORMALMAP SHADER_API_DESKTOP UNITY_LIGHT_PROBE_PROXY_VOLUME UNITY_LIGHTMAP_RGBM_ENCODING ok=1
Cmd: compileSnippet
  api=4 type=0 insize=16577 outsize=5642 kw=_SUNDISK_SIMPLE pd=UNITY_ENABLE_REFLECTION_BUFFERS UNITY_USE_DITHER_MASK_FOR_ALPHABLENDED_SHADOWS UNITY_PBS_USE_BRDF1 UNITY_SPECCUBE_BOX_PROJECTION UNITY_SPECCUBE_BLENDING UNITY_ENABLE_DETAIL_NORMALMAP SHADER_API_DESKTOP UNITY_LIGHT_PROBE_PROXY_VOLUME UNITY_LIGHTMAP_RGBM_ENCODING ok=1
Cmd: compileSnippet
  api=4 type=1 insize=16577 outsize=882 kw=_SUNDISK_SIMPLE pd=UNITY_ENABLE_REFLECTION_BUFFERS UNITY_USE_DITHER_MASK_FOR_ALPHABLENDED_SHADOWS UNITY_PBS_USE_BRDF1 UNITY_SPECCUBE_BOX_PROJECTION UNITY_SPECCUBE_BLENDING UNITY_ENABLE_DETAIL_NORMALMAP SHADER_API_DESKTOP UNITY_LIGHT_PROBE_PROXY_VOLUME UNITY_LIGHTMAP_RGBM_ENCODING ok=1
Cmd: initializeCompiler
Cmd: compileComputeKernel
  api=4 insize=12081 outsize=1499 ok=1
Cmd: compileComputeKernel
  api=4 insize=12081 outsize=1099 ok=1
Cmd: compileComputeKernel
  api=4 insize=12081 outsize=1848 ok=1
Cmd: compileComputeKernel
  api=4 insize=12081 outsize=1579 ok=1
Cmd: compileComputeKernel
  api=4 insize=12081 outsize=2218 ok=1
Cmd: compileComputeKernel
  api=4 insize=12124 outsize=1823 ok=1
Cmd: compileComputeKernel
  api=4 insize=12124 outsize=1819 ok=1
Cmd: compileComputeKernel
  api=4 insize=12124 outsize=2259 ok=1
Cmd: compileComputeKernel
  api=4 insize=12124 outsize=1819 ok=1
Cmd: compileComputeKernel
  api=4 insize=12124 outsize=1851 ok=1
Cmd: compileComputeKernel
  api=4 insize=12124 outsize=1848 ok=1
Cmd: compileComputeKernel
  api=4 insize=12124 outsize=1849 ok=1
Cmd: compileComputeKernel
  api=4 insize=12124 outsize=1998 ok=1
Cmd: compileComputeKernel
  api=4 insize=19771 outsize=2045 ok=1
Cmd: compileComputeKernel
  api=4 insize=19771 outsize=3171 ok=1
Cmd: compileComputeKernel
  api=4 insize=19771 outsize=3056 ok=1
Cmd: compileComputeKernel
  api=4 insize=19771 outsize=5385 ok=1
Cmd: compileComputeKernel
  api=4 insize=59196 outsize=1686 ok=1
Cmd: compileComputeKernel
  api=4 insize=59196 outsize=11643 ok=1
Cmd: compileComputeKernel
  api=4 insize=59196 outsize=2029 ok=1
Cmd: compileComputeKernel
  api=4 insize=59196 outsize=1667 ok=1
Cmd: compileComputeKernel
  api=4 insize=59196 outsize=3335 ok=1
Cmd: compileComputeKernel
  api=4 insize=59196 outsize=1287 ok=1
Cmd: compileComputeKernel
  api=4 insize=59196 outsize=1369 ok=1
Cmd: compileComputeKernel
  api=4 insize=59196 outsize=1682 ok=1
Cmd: compileComputeKernel
  api=4 insize=59196 outsize=1520 ok=1
Cmd: compileComputeKernel
  api=4 insize=59196 outsize=1321 ok=1
Cmd: compileComputeKernel
  api=4 insize=59196 outsize=1861 ok=1
Cmd: compileComputeKernel
  api=4 insize=59196 outsize=1311 ok=1
Cmd: compileComputeKernel
  api=4 insize=59196 outsize=1284 ok=1
Cmd: compileComputeKernel
  api=4 insize=59196 outsize=1387 ok=1
Cmd: compileComputeKernel
  api=4 insize=59196 outsize=1819 ok=1
Cmd: compileComputeKernel
  api=4 insize=59196 outsize=1819 ok=1
Cmd: compileComputeKernel
  api=4 insize=59196 outsize=2259 ok=1
Cmd: compileComputeKernel
  api=4 insize=59196 outsize=1819 ok=1
Cmd: compileComputeKernel
  api=4 insize=59196 outsize=1851 ok=1
Cmd: compileComputeKernel
  api=4 insize=59196 outsize=1848 ok=1
Cmd: compileComputeKernel
  api=4 insize=59196 outsize=1849 ok=1
Cmd: compileComputeKernel
  api=4 insize=59196 outsize=1998 ok=1
Cmd: compileComputeKernel
  api=4 insize=59196 outsize=1326 ok=1
Cmd: compileComputeKernel
  api=4 insize=59196 outsize=1341 ok=1
Cmd: compileComputeKernel
  api=4 insize=59196 outsize=1394 ok=1
Cmd: compileComputeKernel
  api=4 insize=59196 outsize=2026 ok=1
Cmd: compileComputeKernel
  api=4 insize=59196 outsize=3368 ok=1
Cmd: compileComputeKernel
  api=4 insize=59196 outsize=1449 ok=1
Cmd: compileComputeKernel
  api=4 insize=59196 outsize=1750 ok=1
Cmd: compileComputeKernel
  api=4 insize=59196 outsize=2421 ok=1
Cmd: compileComputeKernel
  api=4 insize=73605 outsize=2761 ok=1
Cmd: compileComputeKernel
  api=4 insize=73605 outsize=7773 ok=1
Cmd: compileComputeKernel
  api=4 insize=73605 outsize=5746 ok=1
Cmd: compileComputeKernel
  api=4 insize=73605 outsize=6472 ok=1
Cmd: compileComputeKernel
  api=4 insize=33531 outsize=677 ok=1
Cmd: compileComputeKernel
  api=4 insize=33531 outsize=775 ok=1
Cmd: compileComputeKernel
  api=4 insize=33531 outsize=711 ok=1
Cmd: compileComputeKernel
  api=4 insize=33531 outsize=937 ok=1
Cmd: compileComputeKernel
  api=4 insize=33531 outsize=1094 ok=1
Cmd: compileComputeKernel
  api=4 insize=33531 outsize=854 ok=1
Cmd: compileComputeKernel
  api=4 insize=33531 outsize=855 ok=1
Cmd: compileComputeKernel
  api=4 insize=33531 outsize=805 ok=1
Cmd: compileComputeKernel
  api=4 insize=33531 outsize=677 ok=1
Cmd: compileComputeKernel
  api=4 insize=33531 outsize=796 ok=1
Cmd: compileComputeKernel
  api=4 insize=33531 outsize=831 ok=1
Cmd: compileComputeKernel
  api=4 insize=33531 outsize=811 ok=1
Cmd: compileComputeKernel
  api=4 insize=33531 outsize=1292 ok=1
Cmd: compileComputeKernel
  api=4 insize=33531 outsize=1321 ok=1
Cmd: compileComputeKernel
  api=4 insize=33531 outsize=1861 ok=1
Cmd: compileComputeKernel
  api=4 insize=33531 outsize=1547 ok=1
Cmd: compileComputeKernel
  api=4 insize=33531 outsize=1520 ok=1
Cmd: compileComputeKernel
  api=4 insize=33531 outsize=1346 ok=1
Cmd: compileComputeKernel
  api=4 insize=33531 outsize=1320 ok=1
Cmd: compileComputeKernel
  api=4 insize=33531 outsize=1402 ok=1
Cmd: compileComputeKernel
  api=4 insize=33531 outsize=1359 ok=1
Cmd: compileComputeKernel
  api=4 insize=33531 outsize=1288 ok=1
Cmd: compileComputeKernel
  api=4 insize=33531 outsize=1311 ok=1
Cmd: compileComputeKernel
  api=4 insize=33531 outsize=1284 ok=1
Cmd: compileComputeKernel
  api=4 insize=33531 outsize=1306 ok=1
Cmd: compileComputeKernel
  api=4 insize=33531 outsize=1631 ok=1
Cmd: compileComputeKernel
  api=4 insize=33531 outsize=1387 ok=1
Cmd: compileComputeKernel
  api=4 insize=75191 outsize=2787 ok=1
Cmd: compileComputeKernel
  api=4 insize=75191 outsize=12292 ok=1
Cmd: compileComputeKernel
  api=4 insize=75191 outsize=21169 ok=1
Cmd: compileComputeKernel
  api=4 insize=75191 outsize=31673 ok=1
Cmd: compileComputeKernel
  api=4 insize=75191 outsize=32386 ok=1
Cmd: compileComputeKernel
  api=4 insize=4434 outsize=1590 ok=1
Cmd: compileComputeKernel
  api=4 insize=4434 outsize=1684 ok=1
